[16:59:43:180] [INFO] -  - Starting Log4jYmlApplication on liuyi with PID 25365 (/home/liuyi/workspace/java/log4j-yml/target/classes started by liuyi in /home/liuyi/workspace/java/log4j-yml)
[16:59:43:183] [INFO] -  - No active profile set, falling back to default profiles: default
[16:59:43:303] [INFO] -  - Refreshing org.springframework.boot.web.servlet.context.AnnotationConfigServletWebServerApplicationContext@2034b64c: startup date [Thu Jun 21 16:59:43 CST 2018]; root of context hierarchy
[16:59:43:891] [INFO] -  - Tomcat initialized with port(s): 8000 (http)
[16:59:43:902] [INFO] -  - Initializing ProtocolHandler ["http-nio-8000"]
[16:59:43:906] [INFO] -  - Starting service [Tomcat]
[16:59:43:906] [INFO] -  - Starting Servlet Engine: Apache Tomcat/8.5.31
[16:59:43:909] [INFO] -  - The APR based Apache Tomcat Native library which allows optimal performance in production environments was not found on the java.library.path: [/usr/java/packages/lib/amd64:/usr/lib64:/lib64:/lib:/usr/lib]
[16:59:43:942] [INFO] -  - Initializing Spring embedded WebApplicationContext
[16:59:43:942] [INFO] -  - Root WebApplicationContext: initialization completed in 641 ms
[16:59:44:009] [INFO] -  - Servlet dispatcherServlet mapped to [/]
[16:59:44:011] [INFO] -  - Mapping filter: 'characterEncodingFilter' to: [/*]
[16:59:44:012] [INFO] -  - Mapping filter: 'hiddenHttpMethodFilter' to: [/*]
[16:59:44:012] [INFO] -  - Mapping filter: 'httpPutFormContentFilter' to: [/*]
[16:59:44:012] [INFO] -  - Mapping filter: 'requestContextFilter' to: [/*]
[16:59:44:094] [INFO] -  - Mapped URL path [/**/favicon.ico] onto handler of type [class org.springframework.web.servlet.resource.ResourceHttpRequestHandler]
[16:59:44:245] [INFO] -  - Looking for @ControllerAdvice: org.springframework.boot.web.servlet.context.AnnotationConfigServletWebServerApplicationContext@2034b64c: startup date [Thu Jun 21 16:59:43 CST 2018]; root of context hierarchy
[16:59:44:275] [INFO] -  - Mapped "{[/],methods=[GET]}" onto public java.lang.String com.example.log4jyml.controller.IndexController.helloworld() throws java.lang.Exception
[16:59:44:278] [INFO] -  - Mapped "{[/error],produces=[text/html]}" onto public org.springframework.web.servlet.ModelAndView org.springframework.boot.autoconfigure.web.servlet.error.BasicErrorController.errorHtml(javax.servlet.http.HttpServletRequest,javax.servlet.http.HttpServletResponse)
[16:59:44:278] [INFO] -  - Mapped "{[/error]}" onto public org.springframework.http.ResponseEntity<java.util.Map<java.lang.String, java.lang.Object>> org.springframework.boot.autoconfigure.web.servlet.error.BasicErrorController.error(javax.servlet.http.HttpServletRequest)
[16:59:44:300] [INFO] -  - Mapped URL path [/webjars/**] onto handler of type [class org.springframework.web.servlet.resource.ResourceHttpRequestHandler]
[16:59:44:300] [INFO] -  - Mapped URL path [/**] onto handler of type [class org.springframework.web.servlet.resource.ResourceHttpRequestHandler]
[16:59:44:478] [INFO] -  - Registering beans for JMX exposure on startup
[16:59:44:486] [INFO] -  - Starting ProtocolHandler ["http-nio-8000"]
[16:59:44:488] [INFO] -  - Using a shared selector for servlet write/read
[16:59:44:495] [INFO] -  - Tomcat started on port(s): 8000 (http) with context path ''
[16:59:44:497] [INFO] -  - Started Log4jYmlApplication in 1.561 seconds (JVM running for 2.136)
[16:59:48:021] [INFO] -  - Closing org.springframework.boot.web.servlet.context.AnnotationConfigServletWebServerApplicationContext@2034b64c: startup date [Thu Jun 21 16:59:43 CST 2018]; root of context hierarchy
[16:59:48:023] [INFO] -  - Unregistering JMX-exposed beans on shutdown
[16:59:49:737] [INFO] -  - Starting Log4jYmlApplication on liuyi with PID 25459 (/home/liuyi/workspace/java/log4j-yml/target/classes started by liuyi in /home/liuyi/workspace/java/log4j-yml)
[16:59:49:741] [INFO] -  - No active profile set, falling back to default profiles: default
[16:59:49:953] [INFO] -  - Refreshing org.springframework.boot.web.servlet.context.AnnotationConfigServletWebServerApplicationContext@cc43f62: startup date [Thu Jun 21 16:59:49 CST 2018]; root of context hierarchy
[16:59:51:016] [INFO] -  - Tomcat initialized with port(s): 8000 (http)
[16:59:51:033] [INFO] -  - Initializing ProtocolHandler ["http-nio-8000"]
[16:59:51:041] [INFO] -  - Starting service [Tomcat]
[16:59:51:041] [INFO] -  - Starting Servlet Engine: Apache Tomcat/8.5.31
[16:59:51:049] [INFO] -  - The APR based Apache Tomcat Native library which allows optimal performance in production environments was not found on the java.library.path: [/usr/java/packages/lib/amd64:/usr/lib64:/lib64:/lib:/usr/lib]
[16:59:51:095] [INFO] -  - Initializing Spring embedded WebApplicationContext
[16:59:51:095] [INFO] -  - Root WebApplicationContext: initialization completed in 1300 ms
[16:59:51:190] [INFO] -  - Servlet dispatcherServlet mapped to [/]
[16:59:51:192] [INFO] -  - Mapping filter: 'characterEncodingFilter' to: [/*]
[16:59:51:192] [INFO] -  - Mapping filter: 'hiddenHttpMethodFilter' to: [/*]
[16:59:51:192] [INFO] -  - Mapping filter: 'httpPutFormContentFilter' to: [/*]
[16:59:51:192] [INFO] -  - Mapping filter: 'requestContextFilter' to: [/*]
[16:59:51:282] [INFO] -  - Mapped URL path [/**/favicon.ico] onto handler of type [class org.springframework.web.servlet.resource.ResourceHttpRequestHandler]
[16:59:51:439] [INFO] -  - Looking for @ControllerAdvice: org.springframework.boot.web.servlet.context.AnnotationConfigServletWebServerApplicationContext@cc43f62: startup date [Thu Jun 21 16:59:49 CST 2018]; root of context hierarchy
[16:59:51:469] [INFO] -  - Mapped "{[/],methods=[GET]}" onto public java.lang.String com.example.log4jyml.controller.IndexController.helloworld() throws java.lang.Exception
[16:59:51:473] [INFO] -  - Mapped "{[/error],produces=[text/html]}" onto public org.springframework.web.servlet.ModelAndView org.springframework.boot.autoconfigure.web.servlet.error.BasicErrorController.errorHtml(javax.servlet.http.HttpServletRequest,javax.servlet.http.HttpServletResponse)
[16:59:51:473] [INFO] -  - Mapped "{[/error]}" onto public org.springframework.http.ResponseEntity<java.util.Map<java.lang.String, java.lang.Object>> org.springframework.boot.autoconfigure.web.servlet.error.BasicErrorController.error(javax.servlet.http.HttpServletRequest)
[16:59:51:580] [INFO] -  - Mapped URL path [/webjars/**] onto handler of type [class org.springframework.web.servlet.resource.ResourceHttpRequestHandler]
[16:59:51:580] [INFO] -  - Mapped URL path [/**] onto handler of type [class org.springframework.web.servlet.resource.ResourceHttpRequestHandler]
[16:59:51:671] [INFO] -  - Registering beans for JMX exposure on startup
[16:59:51:679] [INFO] -  - Starting ProtocolHandler ["http-nio-8000"]
[16:59:51:681] [INFO] -  - Using a shared selector for servlet write/read
[16:59:51:688] [INFO] -  - Tomcat started on port(s): 8000 (http) with context path ''
[16:59:51:691] [INFO] -  - Started Log4jYmlApplication in 2.34 seconds (JVM running for 3.204)
[16:59:53:510] [INFO] -  - Initializing Spring FrameworkServlet 'dispatcherServlet'
[16:59:53:510] [INFO] -  - FrameworkServlet 'dispatcherServlet': initialization started
[16:59:53:519] [INFO] -  - FrameworkServlet 'dispatcherServlet': initialization completed in 9 ms
[18:45:54:083] [INFO] -  - Closing org.springframework.boot.web.servlet.context.AnnotationConfigServletWebServerApplicationContext@cc43f62: startup date [Thu Jun 21 16:59:49 CST 2018]; root of context hierarchy
[18:45:54:084] [INFO] -  - Unregistering JMX-exposed beans on shutdown
[18:45:56:146] [INFO] -  - Starting Log4jYmlApplication on liuyi with PID 29252 (/home/liuyi/workspace/java/log4j-yml/target/classes started by liuyi in /home/liuyi/workspace/java/log4j-yml)
[18:45:56:167] [INFO] -  - No active profile set, falling back to default profiles: default
[18:45:56:468] [INFO] -  - Refreshing org.springframework.boot.web.servlet.context.AnnotationConfigServletWebServerApplicationContext@909217e: startup date [Thu Jun 21 18:45:56 CST 2018]; root of context hierarchy
[18:45:57:415] [INFO] -  - Tomcat initialized with port(s): 8888 (https)
[18:45:57:426] [INFO] -  - Initializing ProtocolHandler ["https-jsse-nio-8888"]
[18:45:57:432] [INFO] -  - Starting service [Tomcat]
[18:45:57:432] [INFO] -  - Starting Servlet Engine: Apache Tomcat/8.5.31
[18:45:57:436] [INFO] -  - The APR based Apache Tomcat Native library which allows optimal performance in production environments was not found on the java.library.path: [/usr/java/packages/lib/amd64:/usr/lib64:/lib64:/lib:/usr/lib]
[18:45:57:479] [INFO] -  - Initializing Spring embedded WebApplicationContext
[18:45:57:479] [INFO] -  - Root WebApplicationContext: initialization completed in 1020 ms
[18:45:57:552] [INFO] -  - Servlet dispatcherServlet mapped to [/]
[18:45:57:555] [INFO] -  - Mapping filter: 'characterEncodingFilter' to: [/*]
[18:45:57:555] [INFO] -  - Mapping filter: 'hiddenHttpMethodFilter' to: [/*]
[18:45:57:555] [INFO] -  - Mapping filter: 'httpPutFormContentFilter' to: [/*]
[18:45:57:555] [INFO] -  - Mapping filter: 'requestContextFilter' to: [/*]
[18:45:57:662] [INFO] -  - Mapped URL path [/**/favicon.ico] onto handler of type [class org.springframework.web.servlet.resource.ResourceHttpRequestHandler]
[18:45:57:828] [INFO] -  - Looking for @ControllerAdvice: org.springframework.boot.web.servlet.context.AnnotationConfigServletWebServerApplicationContext@909217e: startup date [Thu Jun 21 18:45:56 CST 2018]; root of context hierarchy
[18:45:57:863] [INFO] -  - Mapped "{[/],methods=[GET]}" onto public java.lang.String com.example.log4jyml.controller.IndexController.helloworld() throws java.lang.Exception
[18:45:57:867] [INFO] -  - Mapped "{[/error],produces=[text/html]}" onto public org.springframework.web.servlet.ModelAndView org.springframework.boot.autoconfigure.web.servlet.error.BasicErrorController.errorHtml(javax.servlet.http.HttpServletRequest,javax.servlet.http.HttpServletResponse)
[18:45:57:867] [INFO] -  - Mapped "{[/error]}" onto public org.springframework.http.ResponseEntity<java.util.Map<java.lang.String, java.lang.Object>> org.springframework.boot.autoconfigure.web.servlet.error.BasicErrorController.error(javax.servlet.http.HttpServletRequest)
[18:45:57:998] [INFO] -  - Mapped URL path [/webjars/**] onto handler of type [class org.springframework.web.servlet.resource.ResourceHttpRequestHandler]
[18:45:57:998] [INFO] -  - Mapped URL path [/**] onto handler of type [class org.springframework.web.servlet.resource.ResourceHttpRequestHandler]
[18:45:58:108] [INFO] -  - Registering beans for JMX exposure on startup
[18:45:58:118] [INFO] -  - Starting ProtocolHandler ["https-jsse-nio-8888"]
[18:45:58:415] [INFO] -  - Using a shared selector for servlet write/read
[18:45:58:423] [INFO] -  - Tomcat started on port(s): 8888 (https) with context path ''
[18:45:58:427] [INFO] -  - Started Log4jYmlApplication in 2.713 seconds (JVM running for 3.754)
[18:46:21:276] [INFO] -  - Initializing Spring FrameworkServlet 'dispatcherServlet'
[18:46:21:276] [INFO] -  - FrameworkServlet 'dispatcherServlet': initialization started
[18:46:21:285] [INFO] -  - FrameworkServlet 'dispatcherServlet': initialization completed in 9 ms
